Apr-29 02:10:36.482 [main] DEBUG nextflow.cli.Launcher - $> nextflow run main.nf -profile docker
Apr-29 02:10:36.572 [main] INFO  nextflow.cli.CmdRun - N E X T F L O W  ~  version 22.04.0
Apr-29 02:10:36.622 [main] DEBUG nextflow.config.ConfigBuilder - Found config local: /home/amin/final3/wes5/nextflow.config
Apr-29 02:10:36.624 [main] DEBUG nextflow.config.ConfigBuilder - Parsing config file: /home/amin/final3/wes5/nextflow.config
Apr-29 02:10:36.660 [main] DEBUG nextflow.config.ConfigBuilder - Applying config profile: `docker`
Apr-29 02:10:37.760 [main] DEBUG nextflow.config.ConfigBuilder - Available config profiles: [singularity, docker]
Apr-29 02:10:37.882 [main] INFO  nextflow.cli.CmdRun - Launching `main.nf` [cranky_torvalds] DSL2 - revision: 41170d2337
Apr-29 02:10:37.917 [main] DEBUG nextflow.plugin.PluginsFacade - Setting up plugin manager > mode=prod; plugins-dir=/home/amin/.nextflow/plugins; core-plugins: nf-amazon@1.7.1,nf-azure@0.13.1,nf-console@1.0.3,nf-ga4gh@1.0.3,nf-google@1.1.4,nf-sqldb@0.4.0,nf-tower@1.4.0
Apr-29 02:10:37.919 [main] DEBUG nextflow.plugin.PluginsFacade - Plugins default=[]
Apr-29 02:10:37.942 [main] INFO  org.pf4j.DefaultPluginStatusProvider - Enabled plugins: []
Apr-29 02:10:37.943 [main] INFO  org.pf4j.DefaultPluginStatusProvider - Disabled plugins: []
Apr-29 02:10:37.949 [main] INFO  org.pf4j.DefaultPluginManager - PF4J version 3.4.1 in 'deployment' mode
Apr-29 02:10:37.964 [main] INFO  org.pf4j.AbstractPluginManager - No plugins
Apr-29 02:10:38.079 [main] DEBUG nextflow.Session - Session uuid: 142e17ee-eeaa-456e-91cd-fb457050ae38
Apr-29 02:10:38.079 [main] DEBUG nextflow.Session - Run name: cranky_torvalds
Apr-29 02:10:38.080 [main] DEBUG nextflow.Session - Executor pool size: 4
Apr-29 02:10:38.189 [main] DEBUG nextflow.cli.CmdRun - 
  Version: 22.04.0 build 5697
  Created: 23-04-2022 18:00 UTC (20:00 CEST)
  System: Linux 4.19.104-microsoft-standard
  Runtime: Groovy 3.0.10 on OpenJDK 64-Bit Server VM 11.0.15+10-Ubuntu-0ubuntu0.20.04.1
  Encoding: UTF-8 (UTF-8)
  Process: 1101@Amin [127.0.1.1]
  CPUs: 4 - Mem: 12.4 GB (10 GB) - Swap: 4 GB (4 GB)
Apr-29 02:10:38.232 [main] DEBUG nextflow.Session - Work-dir: /home/amin/final3/wes5/work [ext2/ext3]
Apr-29 02:10:38.233 [main] DEBUG nextflow.Session - Script base path does not exist or is not a directory: /home/amin/final3/wes5/bin
Apr-29 02:10:38.246 [main] DEBUG nextflow.executor.ExecutorFactory - Extension executors providers=[]
Apr-29 02:10:38.265 [main] DEBUG nextflow.Session - Observer factory: DefaultObserverFactory
Apr-29 02:10:38.293 [main] DEBUG nextflow.cache.CacheFactory - Using Nextflow cache factory: nextflow.cache.DefaultCacheFactory
Apr-29 02:10:38.314 [main] DEBUG nextflow.util.CustomThreadPool - Creating default thread pool > poolSize: 5; maxThreads: 1000
Apr-29 02:10:38.555 [main] DEBUG nextflow.Session - Session start invoked
Apr-29 02:10:39.258 [main] DEBUG nextflow.script.ScriptRunner - > Launching execution
Apr-29 02:10:39.283 [main] INFO  nextflow.Nextflow - ====================================================================
Apr-29 02:10:39.284 [main] INFO  nextflow.Nextflow - Whole Exome Sequencing Best Practice Nextflow Pipeline                        
Apr-29 02:10:39.284 [main] INFO  nextflow.Nextflow - ====================================================================
Apr-29 02:10:41.002 [main] DEBUG nextflow.script.ProcessConfig - Config settings `withLabel:resource` matches labels `resource` for process with name REFERENCE_GENOME
Apr-29 02:10:41.008 [main] DEBUG nextflow.executor.ExecutorFactory - << taskConfig executor: null
Apr-29 02:10:41.008 [main] DEBUG nextflow.executor.ExecutorFactory - >> processorType: 'local'
Apr-29 02:10:41.015 [main] DEBUG nextflow.executor.Executor - [warm up] executor > local
Apr-29 02:10:41.028 [main] DEBUG n.processor.LocalPollingMonitor - Creating local task monitor for executor 'local' > cpus=4; memory=12.4 GB; capacity=4; pollInterval=100ms; dumpInterval=5m
Apr-29 02:10:41.178 [main] DEBUG nextflow.script.ProcessConfig - Config settings `withLabel:resource` matches labels `resource` for process with name dbSNP
Apr-29 02:10:41.185 [main] DEBUG nextflow.executor.ExecutorFactory - << taskConfig executor: null
Apr-29 02:10:41.185 [main] DEBUG nextflow.executor.ExecutorFactory - >> processorType: 'local'
Apr-29 02:10:41.196 [main] DEBUG nextflow.script.ProcessConfig - Config settings `withLabel:resource` matches labels `resource` for process with name golden_indel
Apr-29 02:10:41.198 [main] DEBUG nextflow.executor.ExecutorFactory - << taskConfig executor: null
Apr-29 02:10:41.200 [main] DEBUG nextflow.executor.ExecutorFactory - >> processorType: 'local'
Apr-29 02:10:41.206 [main] DEBUG nextflow.script.ProcessConfig - Config settings `withLabel:resource` matches labels `resource` for process with name hapmap
Apr-29 02:10:41.207 [main] DEBUG nextflow.executor.ExecutorFactory - << taskConfig executor: null
Apr-29 02:10:41.207 [main] DEBUG nextflow.executor.ExecutorFactory - >> processorType: 'local'
Apr-29 02:10:41.213 [main] DEBUG nextflow.script.ProcessConfig - Config settings `withLabel:resource` matches labels `resource` for process with name omni
Apr-29 02:10:41.214 [main] DEBUG nextflow.executor.ExecutorFactory - << taskConfig executor: null
Apr-29 02:10:41.214 [main] DEBUG nextflow.executor.ExecutorFactory - >> processorType: 'local'
Apr-29 02:10:41.222 [main] DEBUG nextflow.script.ProcessConfig - Config settings `withLabel:resource` matches labels `resource` for process with name phase1_SNPs
Apr-29 02:10:41.223 [main] DEBUG nextflow.executor.ExecutorFactory - << taskConfig executor: null
Apr-29 02:10:41.223 [main] DEBUG nextflow.executor.ExecutorFactory - >> processorType: 'local'
Apr-29 02:10:41.242 [main] DEBUG nextflow.script.ProcessConfig - Config settings `withLabel:resource` matches labels `resource` for process with name BWA_INDEX
Apr-29 02:10:41.247 [main] DEBUG nextflow.executor.ExecutorFactory - << taskConfig executor: null
Apr-29 02:10:41.248 [main] DEBUG nextflow.executor.ExecutorFactory - >> processorType: 'local'
Apr-29 02:10:41.295 [main] DEBUG nextflow.script.ProcessConfig - Config settings `withLabel:process` matches labels `process` for process with name FASTP
Apr-29 02:10:41.298 [main] DEBUG nextflow.executor.ExecutorFactory - << taskConfig executor: null
Apr-29 02:10:41.298 [main] DEBUG nextflow.executor.ExecutorFactory - >> processorType: 'local'
Apr-29 02:10:41.307 [main] DEBUG nextflow.script.ProcessConfig - Config settings `withLabel:process` matches labels `process` for process with name FASTQC
Apr-29 02:10:41.310 [main] DEBUG nextflow.executor.ExecutorFactory - << taskConfig executor: null
Apr-29 02:10:41.310 [main] DEBUG nextflow.executor.ExecutorFactory - >> processorType: 'local'
Apr-29 02:10:41.319 [main] DEBUG nextflow.script.ProcessConfig - Config settings `withLabel:bwa` matches labels `bwa` for process with name BWA
Apr-29 02:10:41.320 [main] DEBUG nextflow.executor.ExecutorFactory - << taskConfig executor: null
Apr-29 02:10:41.320 [main] DEBUG nextflow.executor.ExecutorFactory - >> processorType: 'local'
Apr-29 02:10:41.328 [main] DEBUG nextflow.script.ProcessConfig - Config settings `withLabel:process` matches labels `process` for process with name SAM_TO_BAM
Apr-29 02:10:41.329 [main] DEBUG nextflow.executor.ExecutorFactory - << taskConfig executor: null
Apr-29 02:10:41.330 [main] DEBUG nextflow.executor.ExecutorFactory - >> processorType: 'local'
Apr-29 02:10:41.337 [main] DEBUG nextflow.script.ProcessConfig - Config settings `withLabel:process` matches labels `process` for process with name SORTING_BAM_FILE
Apr-29 02:10:41.338 [main] DEBUG nextflow.executor.ExecutorFactory - << taskConfig executor: null
Apr-29 02:10:41.338 [main] DEBUG nextflow.executor.ExecutorFactory - >> processorType: 'local'
Apr-29 02:10:41.343 [main] DEBUG nextflow.script.ProcessConfig - Config settings `withLabel:process` matches labels `process` for process with name MARKDUPLICATE
Apr-29 02:10:41.344 [main] DEBUG nextflow.executor.ExecutorFactory - << taskConfig executor: null
Apr-29 02:10:41.344 [main] DEBUG nextflow.executor.ExecutorFactory - >> processorType: 'local'
Apr-29 02:10:41.349 [main] DEBUG nextflow.script.ProcessConfig - Config settings `withLabel:process` matches labels `process` for process with name ADD_OR_REPLACE_READGROUPS
Apr-29 02:10:41.350 [main] DEBUG nextflow.executor.ExecutorFactory - << taskConfig executor: null
Apr-29 02:10:41.351 [main] DEBUG nextflow.executor.ExecutorFactory - >> processorType: 'local'
Apr-29 02:10:41.356 [main] DEBUG nextflow.script.ProcessConfig - Config settings `withLabel:process` matches labels `process` for process with name BUILDING_BAM_INDEX
Apr-29 02:10:41.359 [main] DEBUG nextflow.executor.ExecutorFactory - << taskConfig executor: null
Apr-29 02:10:41.359 [main] DEBUG nextflow.executor.ExecutorFactory - >> processorType: 'local'
Apr-29 02:10:41.368 [main] DEBUG nextflow.script.ProcessConfig - Config settings `withLabel:process` matches labels `process` for process with name BASE_RECALIBRATOR
Apr-29 02:10:41.371 [main] DEBUG nextflow.executor.ExecutorFactory - << taskConfig executor: null
Apr-29 02:10:41.371 [main] DEBUG nextflow.executor.ExecutorFactory - >> processorType: 'local'
Apr-29 02:10:41.386 [main] DEBUG nextflow.script.ProcessConfig - Config settings `withLabel:process` matches labels `process` for process with name APPLY_BQSR
Apr-29 02:10:41.387 [main] DEBUG nextflow.executor.ExecutorFactory - << taskConfig executor: null
Apr-29 02:10:41.387 [main] DEBUG nextflow.executor.ExecutorFactory - >> processorType: 'local'
Apr-29 02:10:41.395 [main] DEBUG nextflow.script.ProcessConfig - Config settings `withLabel:process` matches labels `process` for process with name VARIANT_CALLING
Apr-29 02:10:41.397 [main] DEBUG nextflow.executor.ExecutorFactory - << taskConfig executor: null
Apr-29 02:10:41.397 [main] DEBUG nextflow.executor.ExecutorFactory - >> processorType: 'local'
Apr-29 02:10:41.403 [main] DEBUG nextflow.script.ProcessConfig - Config settings `withLabel:gatk` matches labels `gatk` for process with name VARIANTRECALIBRATOR_SNPS
Apr-29 02:10:41.404 [main] DEBUG nextflow.executor.ExecutorFactory - << taskConfig executor: null
Apr-29 02:10:41.405 [main] DEBUG nextflow.executor.ExecutorFactory - >> processorType: 'local'
Apr-29 02:10:41.410 [main] DEBUG nextflow.script.ProcessConfig - Config settings `withLabel:gatk` matches labels `gatk` for process with name VQSR_APPLY_SNP
Apr-29 02:10:41.411 [main] DEBUG nextflow.executor.ExecutorFactory - << taskConfig executor: null
Apr-29 02:10:41.411 [main] DEBUG nextflow.executor.ExecutorFactory - >> processorType: 'local'
Apr-29 02:10:41.418 [main] DEBUG nextflow.script.ProcessConfig - Config settings `withLabel:gatk` matches labels `gatk` for process with name VARIANTRECALIBRATOR_INDELS
Apr-29 02:10:41.419 [main] DEBUG nextflow.executor.ExecutorFactory - << taskConfig executor: null
Apr-29 02:10:41.419 [main] DEBUG nextflow.executor.ExecutorFactory - >> processorType: 'local'
Apr-29 02:10:41.427 [main] DEBUG nextflow.script.ProcessConfig - Config settings `withLabel:gatk` matches labels `gatk` for process with name VQSR_APPLY_INDEL
Apr-29 02:10:41.428 [main] DEBUG nextflow.executor.ExecutorFactory - << taskConfig executor: null
Apr-29 02:10:41.428 [main] DEBUG nextflow.executor.ExecutorFactory - >> processorType: 'local'
Apr-29 02:10:41.435 [main] DEBUG nextflow.script.ProcessConfig - Config settings `withLabel:process` matches labels `process` for process with name HARD_FILTERING_STEP_1
Apr-29 02:10:41.436 [main] DEBUG nextflow.executor.ExecutorFactory - << taskConfig executor: null
Apr-29 02:10:41.436 [main] DEBUG nextflow.executor.ExecutorFactory - >> processorType: 'local'
Apr-29 02:10:41.441 [main] DEBUG nextflow.script.ProcessConfig - Config settings `withLabel:process` matches labels `process` for process with name HARD_FILTERING_STEP_2
Apr-29 02:10:41.442 [main] DEBUG nextflow.executor.ExecutorFactory - << taskConfig executor: null
Apr-29 02:10:41.443 [main] DEBUG nextflow.executor.ExecutorFactory - >> processorType: 'local'
Apr-29 02:10:41.457 [main] DEBUG nextflow.script.ProcessConfig - Config settings `withLabel:process` matches labels `process` for process with name HARD_FILTERING_STEP_3
Apr-29 02:10:41.458 [main] DEBUG nextflow.executor.ExecutorFactory - << taskConfig executor: null
Apr-29 02:10:41.458 [main] DEBUG nextflow.executor.ExecutorFactory - >> processorType: 'local'
Apr-29 02:10:41.464 [main] DEBUG nextflow.script.ProcessConfig - Config settings `withLabel:process` matches labels `process` for process with name HARD_FILTERING_STEP_4
Apr-29 02:10:41.474 [main] DEBUG nextflow.executor.ExecutorFactory - << taskConfig executor: null
Apr-29 02:10:41.475 [main] DEBUG nextflow.executor.ExecutorFactory - >> processorType: 'local'
Apr-29 02:10:41.480 [main] DEBUG nextflow.script.ProcessConfig - Config settings `withLabel:process` matches labels `process` for process with name HARD_FILTERING_STEP_5
Apr-29 02:10:41.481 [main] DEBUG nextflow.executor.ExecutorFactory - << taskConfig executor: null
Apr-29 02:10:41.482 [main] DEBUG nextflow.executor.ExecutorFactory - >> processorType: 'local'
Apr-29 02:10:41.496 [main] DEBUG nextflow.script.ProcessConfig - Config settings `withLabel:annotation` matches labels `annotation` for process with name ANNOTATION
Apr-29 02:10:41.497 [main] DEBUG nextflow.executor.ExecutorFactory - << taskConfig executor: null
Apr-29 02:10:41.498 [main] DEBUG nextflow.executor.ExecutorFactory - >> processorType: 'local'
Apr-29 02:10:41.503 [main] DEBUG nextflow.script.ProcessConfig - Config settings `withLabel:process` matches labels `process` for process with name VCF2TSV
Apr-29 02:10:41.505 [main] DEBUG nextflow.executor.ExecutorFactory - << taskConfig executor: null
Apr-29 02:10:41.505 [main] DEBUG nextflow.executor.ExecutorFactory - >> processorType: 'local'
Apr-29 02:10:41.516 [main] DEBUG nextflow.Session - Workflow process names [dsl2]: FASTQC, APPLY_BQSR, phase1_SNPs, FASTP, BWA, VARIANTRECALIBRATOR_INDELS, SORTING_BAM_FILE, HARD_FILTERING_STEP_1, VARIANT_CALLING, VARIANTRECALIBRATOR_SNPS, ANNOTATION, BWA_INDEX, VQSR_APPLY_INDEL, SAM_TO_BAM, HARD_FILTERING_STEP_5, HARD_FILTERING_STEP_4, HARD_FILTERING_STEP_3, HARD_FILTERING_STEP_2, ADD_OR_REPLACE_READGROUPS, VCF2TSV, golden_indel, hapmap, BASE_RECALIBRATOR, REFERENCE_GENOME, omni, dbSNP, VQSR_APPLY_SNP, BUILDING_BAM_INDEX, MARKDUPLICATE
Apr-29 02:10:41.517 [main] DEBUG nextflow.Session - Ignite dataflow network (30)
Apr-29 02:10:41.530 [main] DEBUG nextflow.processor.TaskProcessor - Starting process > REFERENCE_GENOME
Apr-29 02:10:41.534 [PathVisitor-1] DEBUG nextflow.file.PathVisitor - files for syntax: glob; folder: /home/amin/final3/wes5/reads/; pattern: *{1,2}*.fastq.gz; options: [checkIfExists:true]
Apr-29 02:10:41.539 [main] DEBUG nextflow.processor.TaskProcessor - Starting process > dbSNP
Apr-29 02:10:41.552 [main] DEBUG nextflow.processor.TaskProcessor - Starting process > golden_indel
Apr-29 02:10:41.552 [main] DEBUG nextflow.processor.TaskProcessor - Starting process > hapmap
Apr-29 02:10:41.552 [main] DEBUG nextflow.processor.TaskProcessor - Starting process > omni
Apr-29 02:10:41.552 [main] DEBUG nextflow.processor.TaskProcessor - Starting process > phase1_SNPs
Apr-29 02:10:41.553 [main] DEBUG nextflow.processor.TaskProcessor - Starting process > BWA_INDEX
Apr-29 02:10:41.554 [main] DEBUG nextflow.processor.TaskProcessor - Starting process > FASTP
Apr-29 02:10:41.561 [main] DEBUG nextflow.processor.TaskProcessor - Starting process > FASTQC
Apr-29 02:10:41.564 [main] DEBUG nextflow.processor.TaskProcessor - Starting process > BWA
Apr-29 02:10:41.569 [main] DEBUG nextflow.processor.TaskProcessor - Starting process > SAM_TO_BAM
Apr-29 02:10:41.572 [main] DEBUG nextflow.processor.TaskProcessor - Starting process > SORTING_BAM_FILE
Apr-29 02:10:41.586 [main] DEBUG nextflow.processor.TaskProcessor - Starting process > MARKDUPLICATE
Apr-29 02:10:41.590 [main] DEBUG nextflow.processor.TaskProcessor - Starting process > ADD_OR_REPLACE_READGROUPS
Apr-29 02:10:41.592 [main] DEBUG nextflow.processor.TaskProcessor - Starting process > BUILDING_BAM_INDEX
Apr-29 02:10:41.593 [main] DEBUG nextflow.processor.TaskProcessor - Starting process > BASE_RECALIBRATOR
Apr-29 02:10:41.598 [main] DEBUG nextflow.processor.TaskProcessor - Starting process > APPLY_BQSR
Apr-29 02:10:41.599 [main] DEBUG nextflow.processor.TaskProcessor - Starting process > VARIANT_CALLING
Apr-29 02:10:41.599 [main] DEBUG nextflow.processor.TaskProcessor - Starting process > VARIANTRECALIBRATOR_SNPS
Apr-29 02:10:41.599 [main] DEBUG nextflow.processor.TaskProcessor - Starting process > VQSR_APPLY_SNP
Apr-29 02:10:41.599 [main] DEBUG nextflow.processor.TaskProcessor - Starting process > VARIANTRECALIBRATOR_INDELS
Apr-29 02:10:41.600 [main] DEBUG nextflow.processor.TaskProcessor - Starting process > VQSR_APPLY_INDEL
Apr-29 02:10:41.600 [main] DEBUG nextflow.processor.TaskProcessor - Starting process > HARD_FILTERING_STEP_1
Apr-29 02:10:41.600 [main] DEBUG nextflow.processor.TaskProcessor - Starting process > HARD_FILTERING_STEP_2
Apr-29 02:10:41.601 [main] DEBUG nextflow.processor.TaskProcessor - Starting process > HARD_FILTERING_STEP_3
Apr-29 02:10:41.602 [main] DEBUG nextflow.processor.TaskProcessor - Starting process > HARD_FILTERING_STEP_4
Apr-29 02:10:41.603 [main] DEBUG nextflow.processor.TaskProcessor - Starting process > HARD_FILTERING_STEP_5
Apr-29 02:10:41.603 [main] DEBUG nextflow.processor.TaskProcessor - Starting process > ANNOTATION
Apr-29 02:10:41.603 [main] DEBUG nextflow.processor.TaskProcessor - Starting process > VCF2TSV
Apr-29 02:10:41.604 [main] DEBUG nextflow.script.ScriptRunner - > Await termination 
Apr-29 02:10:41.604 [main] DEBUG nextflow.Session - Session await
Apr-29 02:10:41.825 [Actor Thread 20] WARN  nextflow.script.ScriptBinding - Access to undefined parameter `ontreads` -- Initialise it to a default value eg. `params.ontreads = some_value`
Apr-29 02:10:42.087 [Task submitter] DEBUG nextflow.executor.LocalTaskHandler - Launch cmd line: /bin/bash -ue .command.run
Apr-29 02:10:42.104 [Task submitter] INFO  nextflow.Session - [fd/1d001d] Submitted process > dbSNP
Apr-29 02:10:42.114 [Task submitter] DEBUG nextflow.executor.LocalTaskHandler - Launch cmd line: /bin/bash -ue .command.run
Apr-29 02:10:42.115 [Task submitter] INFO  nextflow.Session - [35/6480a0] Submitted process > REFERENCE_GENOME
Apr-29 02:10:42.121 [Task submitter] DEBUG nextflow.executor.LocalTaskHandler - Launch cmd line: /bin/bash -ue .command.run
Apr-29 02:10:42.126 [Task submitter] INFO  nextflow.Session - [49/897355] Submitted process > hapmap
Apr-29 02:10:42.142 [Task submitter] DEBUG nextflow.executor.LocalTaskHandler - Launch cmd line: /bin/bash -ue .command.run
Apr-29 02:10:42.157 [Task submitter] INFO  nextflow.Session - [1c/51a2a2] Submitted process > phase1_SNPs
Apr-29 02:10:47.052 [Task monitor] DEBUG n.processor.TaskPollingMonitor - Task completed > TaskHandler[id: 4; name: hapmap; status: COMPLETED; exit: 0; error: -; workDir: /home/amin/final3/wes5/work/49/8973557e0923a30898bf98ae2c4db6]
Apr-29 02:10:47.058 [Task submitter] DEBUG nextflow.executor.LocalTaskHandler - Launch cmd line: /bin/bash -ue .command.run
Apr-29 02:10:47.058 [Task submitter] INFO  nextflow.Session - [b2/c5d16e] Submitted process > golden_indel
Apr-29 02:10:50.294 [Task monitor] DEBUG n.processor.TaskPollingMonitor - Task completed > TaskHandler[id: 1; name: golden_indel; status: COMPLETED; exit: 0; error: -; workDir: /home/amin/final3/wes5/work/b2/c5d16eb6c80eb90518271d531666ca]
Apr-29 02:10:50.303 [Task submitter] DEBUG nextflow.executor.LocalTaskHandler - Launch cmd line: /bin/bash -ue .command.run
Apr-29 02:10:50.310 [Task submitter] INFO  nextflow.Session - [06/c0a2d0] Submitted process > FASTQC (1)
Apr-29 02:12:10.180 [Task monitor] DEBUG n.processor.TaskPollingMonitor - Task completed > TaskHandler[id: 9; name: FASTQC (1); status: COMPLETED; exit: 0; error: -; workDir: /home/amin/final3/wes5/work/06/c0a2d09f753c981b57a58d8fb25c8e]
Apr-29 02:12:10.188 [Task submitter] DEBUG nextflow.executor.LocalTaskHandler - Launch cmd line: /bin/bash -ue .command.run
Apr-29 02:12:10.192 [Task submitter] INFO  nextflow.Session - [1a/32c63c] Submitted process > omni
Apr-29 02:12:55.285 [Task monitor] DEBUG n.processor.TaskPollingMonitor - Task completed > TaskHandler[id: 5; name: omni; status: COMPLETED; exit: 0; error: -; workDir: /home/amin/final3/wes5/work/1a/32c63c6de98df86717651b65633f1b]
Apr-29 02:12:55.289 [Task submitter] DEBUG nextflow.executor.LocalTaskHandler - Launch cmd line: /bin/bash -ue .command.run
Apr-29 02:12:55.289 [Task submitter] INFO  nextflow.Session - [5c/1d18f2] Submitted process > BWA_INDEX
Apr-29 02:15:39.610 [Task monitor] DEBUG n.processor.TaskPollingMonitor - Task completed > TaskHandler[id: 7; name: REFERENCE_GENOME; status: COMPLETED; exit: 0; error: -; workDir: /home/amin/final3/wes5/work/35/6480a0c4088343ff2d3f18c78b1c15]
Apr-29 02:15:39.617 [Task submitter] DEBUG nextflow.executor.LocalTaskHandler - Launch cmd line: /bin/bash -ue .command.run
Apr-29 02:15:39.618 [Task submitter] INFO  nextflow.Session - [20/1c6d97] Submitted process > FASTP (1)
Apr-29 02:15:42.175 [Task monitor] DEBUG n.processor.TaskPollingMonitor - !! executor local > tasks to be completed: 4 -- submitted tasks are shown below
~> TaskHandler[id: 3; name: dbSNP; status: RUNNING; exit: -; error: -; workDir: /home/amin/final3/wes5/work/fd/1d001d244ba5fb3eb268ce3b95ede0]
~> TaskHandler[id: 2; name: phase1_SNPs; status: RUNNING; exit: -; error: -; workDir: /home/amin/final3/wes5/work/1c/51a2a26e2a94f437a3e0cdbc4547a2]
~> TaskHandler[id: 6; name: BWA_INDEX; status: RUNNING; exit: -; error: -; workDir: /home/amin/final3/wes5/work/5c/1d18f2383ee3eca074c41541f06dd1]
~> TaskHandler[id: 8; name: FASTP (1); status: RUNNING; exit: -; error: -; workDir: /home/amin/final3/wes5/work/20/1c6d970e4e0ffe5005bcd0f96ac45e]
Apr-29 02:16:41.224 [Task monitor] DEBUG n.processor.TaskPollingMonitor - Task completed > TaskHandler[id: 8; name: FASTP (1); status: COMPLETED; exit: 0; error: -; workDir: /home/amin/final3/wes5/work/20/1c6d970e4e0ffe5005bcd0f96ac45e]
Apr-29 02:16:41.265 [Task monitor] DEBUG nextflow.util.ThreadPoolBuilder - Creating thread pool 'FileTransfer' minSize=4; maxSize=4; workQueue=LinkedBlockingQueue[10000]; allowCoreThreadTimeout=false
Apr-29 02:19:16.227 [SIGINT handler] DEBUG nextflow.Session - Session aborted -- Cause: SIGINT
Apr-29 02:19:17.475 [SIGINT handler] DEBUG nextflow.Session - The following nodes are still active:
[process] BWA
  status=ACTIVE
  port 0: (value) bound ; channel: reference
  port 1: (value) OPEN  ; channel: bwa_index
  port 2: (queue) OPEN  ; channel: -
  port 3: (cntrl) -     ; channel: $

[process] SAM_TO_BAM
  status=ACTIVE
  port 0: (queue) OPEN  ; channel: sam_file
  port 1: (cntrl) -     ; channel: $

[process] SORTING_BAM_FILE
  status=ACTIVE
  port 0: (queue) OPEN  ; channel: bam_file
  port 1: (cntrl) -     ; channel: $

[process] MARKDUPLICATE
  status=ACTIVE
  port 0: (queue) OPEN  ; channel: sorted_bam_file
  port 1: (cntrl) -     ; channel: $

[process] ADD_OR_REPLACE_READGROUPS
  status=ACTIVE
  port 0: (queue) OPEN  ; channel: sorted_and_markduplicated_bam_file
  port 1: (cntrl) -     ; channel: $

[process] BUILDING_BAM_INDEX
  status=ACTIVE
  port 0: (queue) OPEN  ; channel: sorted_markduplicated_and_readgroups_bam_file
  port 1: (cntrl) -     ; channel: $

[process] BASE_RECALIBRATOR
  status=ACTIVE
  port 0: (value) bound ; channel: fasta
  port 1: (queue) OPEN  ; channel: sorted_markduplicated_and_readgroups_bam_file
  port 2: (value) OPEN  ; channel: dbsnp
  port 3: (value) OPEN  ; channel: phase1_snp
  port 4: (value) OPEN  ; channel: dbsnp_index
  port 5: (value) OPEN  ; channel: phase1_snp_index
  port 6: (value) bound ; channel: fasta_fai
  port 7: (value) bound ; channel: fasta3_dict
  port 8: (cntrl) -     ; channel: $

[process] APPLY_BQSR
  status=ACTIVE
  port 0: (value) bound ; channel: fasta
  port 1: (queue) OPEN  ; channel: sorted_markduplicated_and_readgroups_bam_file
  port 2: (queue) OPEN  ; channel: sorted_markduplicated_and_readgroups_recal_BQSR_table
  port 3: (value) bound ; channel: fasta_fai
  port 4: (value) bound ; channel: fasta_dict
  port 5: (cntrl) -     ; channel: $

[process] VARIANT_CALLING
  status=ACTIVE
  port 0: (queue) OPEN  ; channel: sorted_markduplicated_readgroups_recal_bam_file
  port 1: (value) bound ; channel: fasta
  port 2: (value) bound ; channel: fasta_fai
  port 3: (value) bound ; channel: fasta_dict
  port 4: (cntrl) -     ; channel: $

[process] VARIANTRECALIBRATOR_SNPS
  status=ACTIVE
  port 0: (queue) OPEN  ; channel: haplotypecaller_vcf
  port 1: (value) bound ; channel: fasta
  port 2: (value) bound ; channel: hapmap
  port 3: (value) bound ; channel: omni
  port 4: (value) OPEN  ; channel: phase1_snps
  port 5: (value) OPEN  ; channel: dbsnp
  port 6: (value) bound ; channel: reference_fai
  port 7: (value) bound ; channel: reference_dict
  port 8: (value) bound ; channel: hapmap_index
  port 9: (value) bound ; channel: omni_index
  port 10: (value) OPEN  ; channel: phase1_snps_index
  port 11: (value) OPEN  ; channel: dbsnp_index
  port 12: (cntrl) -     ; channel: $

[process] VQSR_APPLY_SNP
  status=ACTIVE
  port 0: (queue) OPEN  ; channel: haplotypecaller_vcf
  port 1: (queue) OPEN  ; channel: variantrecalibrator_recal
  port 2: (queue) OPEN  ; channel: variantrecalibrator_tranches
  port 3: (queue) OPEN  ; channel: variantrecalibrator_recal_index
  port 4: (cntrl) -     ; channel: $

[process] VARIANTRECALIBRATOR_INDELS
  status=ACTIVE
  port 0: (queue) OPEN  ; channel: recalibrated_snps_raw_indels
  port 1: (value) bound ; channel: fasta
  port 2: (value) bound ; channel: golden_indel
  port 3: (value) OPEN  ; channel: dbsnp
  port 4: (value) bound ; channel: reference_fai
  port 5: (value) bound ; channel: reference_dict
  port 6: (value) bound ; channel: golden_indel_index
  port 7: (value) OPEN  ; channel: dbsnp_index
  port 8: (cntrl) -     ; channel: $

[process] VQSR_APPLY_INDEL
  status=ACTIVE
  port 0: (queue) OPEN  ; channel: recalibrated_snps_raw_indels
  port 1: (queue) OPEN  ; channel: variantrecalibrator_indel_recal
  port 2: (queue) OPEN  ; channel: variantrecalibrator_indel_tranches
  port 3: (queue) OPEN  ; channel: variantrecalibrator_indel_recal_idx
  port 4: (queue) OPEN  ; channel: -
  port 5: (cntrl) -     ; channel: $

[process] HARD_FILTERING_STEP_1
  status=ACTIVE
  port 0: (queue) OPEN  ; channel: vcf_file
  port 1: (cntrl) -     ; channel: $

[process] HARD_FILTERING_STEP_2
  status=ACTIVE
  port 0: (queue) OPEN  ; channel: vcf_file
  port 1: (cntrl) -     ; channel: $

[process] HARD_FILTERING_STEP_3
  status=ACTIVE
  port 0: (queue) OPEN  ; channel: vcf_snp_file
  port 1: (cntrl) -     ; channel: $

[process] HARD_FILTERING_STEP_4
  status=ACTIVE
  port 0: (queue) OPEN  ; channel: vcf_indel_file
  port 1: (cntrl) -     ; channel: $

[process] HARD_FILTERING_STEP_5
  status=ACTIVE
  port 0: (queue) OPEN  ; channel: vcf_snp_filtered_file
  port 1: (queue) OPEN  ; channel: vcf_indel_filtered_file
  port 2: (queue) OPEN  ; channel: vcf_file
  port 3: (cntrl) -     ; channel: $

[process] ANNOTATION
  status=ACTIVE
  port 0: (queue) OPEN  ; channel: merged_vcf_file
  port 1: (queue) OPEN  ; channel: vcf_file
  port 2: (cntrl) -     ; channel: $

[process] VCF2TSV
  status=ACTIVE
  port 0: (queue) OPEN  ; channel: multianno_vcf_file
  port 1: (cntrl) -     ; channel: $

Apr-29 02:19:17.726 [main] DEBUG nextflow.Session - Session await > all process finished
Apr-29 02:19:17.726 [main] DEBUG nextflow.Session - Session await > all barriers passed
Apr-29 02:19:17.764 [main] WARN  n.processor.TaskPollingMonitor - Killing running tasks (3)
Apr-29 02:19:17.917 [main] DEBUG nextflow.trace.WorkflowStatsObserver - Workflow completed > WorkflowStats[succeededCount=6; failedCount=0; ignoredCount=0; cachedCount=0; pendingCount=0; submittedCount=0; runningCount=0; retriesCount=0; abortedCount=3; succeedDuration=8m 12s; failedDuration=0ms; cachedDuration=0ms;loadCpus=0; loadMemory=0; peakRunning=4; peakCpus=4; peakMemory=0; ]
Apr-29 02:19:18.037 [main] DEBUG nextflow.cache.CacheDB - Closing CacheDB done
Apr-29 02:19:18.307 [main] DEBUG nextflow.script.ScriptRunner - > Execution complete -- Goodbye
